<?xml version="1.0" encoding="UTF-8"?>
<!-- Generated by org.testng.reporters.JUnitReportReporter -->
<testsuite skipped="0" hostname="RIPLBRD49" name="SuppliersTestCases.VerifySuppliersRegister" tests="1" failures="0" timestamp="26 Mar 2018 06:58:35 GMT" time="12.032" errors="0">
  <testcase name="RegisterSupplier" time="12.032" classname="SuppliersTestCases.VerifySuppliersRegister"/>
</testsuite> <!-- SuppliersTestCases.VerifySuppliersRegister -->
