<?xml version="1.0" encoding="UTF-8"?>
<!-- Generated by org.testng.reporters.JUnitReportReporter -->
<testsuite skipped="1" hostname="RIPLBRD49" name="JSLoginTestCases.VerifyInvalidJSLogin" tests="2" failures="0" timestamp="12 Jun 2018 08:34:57 GMT" time="30.545" errors="0">
  <testcase name="InvalidLoginsJS" time="0.003" classname="JSLoginTestCases.VerifyInvalidJSLogin">
    <skipped/>
  </testcase> <!-- InvalidLoginsJS -->
  <testcase name="InvalidLoginsJS" time="30.542" classname="JSLoginTestCases.VerifyInvalidJSLogin"/>
</testsuite> <!-- JSLoginTestCases.VerifyInvalidJSLogin -->
