<?xml version="1.0" encoding="UTF-8"?>
<!-- Generated by org.testng.reporters.JUnitReportReporter -->
<testsuite skipped="1" hostname="RIPLBRD49" name="JSLoginTestCases.VerifyInvalidJSLogin" tests="2" failures="0" timestamp="12 Jun 2018 10:42:30 GMT" time="14.408" errors="0">
  <testcase name="InvalidLoginsJS" time="0.001" classname="JSLoginTestCases.VerifyInvalidJSLogin">
    <skipped/>
  </testcase> <!-- InvalidLoginsJS -->
  <testcase name="InvalidLoginsJS" time="14.407" classname="JSLoginTestCases.VerifyInvalidJSLogin"/>
</testsuite> <!-- JSLoginTestCases.VerifyInvalidJSLogin -->
